<?xml version="1.0" encoding="UTF-8"?>
<testsuite xmlns:xsi="http://www.w3.org/2001/XMLSchema-instance" xsi:noNamespaceSchemaLocation="https://maven.apache.org/surefire/maven-surefire-plugin/xsd/surefire-test-report-3.0.xsd" version="3.0" name="alert.checkfile.malicious.cdkn.CdknApplicationTests" time="9.86" tests="1" errors="0" skipped="0" failures="0">
  <properties>
[...]
</properties>
  <testcase name="contextLoads" classname="alert.checkfile.malicious.cdkn.CdknApplicationTests" time="5.994">
    <system-out><![CDATA[17:13:05.070 [main] INFO org.springframework.test.context.support.AnnotationConfigContextLoaderUtils -- Could not detect default configuration classes for test class [alert.checkfile.malicious.cdkn.CdknApplicationTests]: CdknApplicationTests does not declare any static, non-private, non-final, nested classes annotated with @Configuration.
17:13:05.169 [main] INFO org.springframework.boot.test.context.SpringBootTestContextBootstrapper -- Found @SpringBootConfiguration alert.checkfile.malicious.cdkn.CdknApplication for test class alert.checkfile.malicious.cdkn.CdknApplicationTests
17:13:05.348 [main] INFO org.springframework.boot.devtools.restart.RestartApplicationListener -- Restart disabled due to context in which it is running

  .   ____          _            __ _ _
 /\\ / ___'_ __ _ _(_)_ __  __ _ \ \ \ \
( ( )\___ | '_ | '_| | '_ \/ _` | \ \ \ \
 \\/  ___)| |_)| | | | | || (_| |  ) ) ) )
  '  |____| .__|_| |_|_| |_\__, | / / / /
 =========|_|==============|___/=/_/_/_/

 :: Spring Boot ::                (v3.3.7)

2024-12-29T17:13:05.599+07:00  INFO 15004 --- [cdkn] [           main] a.c.malicious.cdkn.CdknApplicationTests  : Starting CdknApplicationTests using Java 17.0.11 with PID 15004 (started by GF63 in D:\Downloads\Alert_FileCheck\Alert_FileCheck\cdkn)
2024-12-29T17:13:05.600+07:00  INFO 15004 --- [cdkn] [           main] a.c.malicious.cdkn.CdknApplicationTests  : No active profile set, falling back to 1 default profile: "default"
2024-12-29T17:13:08.622+07:00  WARN 15004 --- [cdkn] [           main] ion$DefaultTemplateResolverConfiguration : Cannot find template location: classpath:/templates/ (please add some templates, check your Thymeleaf configuration, or set spring.thymeleaf.check-template-location=false)
2024-12-29T17:13:08.690+07:00  INFO 15004 --- [cdkn] [           main] a.c.malicious.cdkn.CdknApplicationTests  : Started CdknApplicationTests in 3.356 seconds (process running for 4.668)
]]></system-out>
  </testcase>
</testsuite>